Unable to get Js Errors. Exception: 
exception 'PHPUnit_Extensions_Selenium2TestCase_WebDriverException' with message ' (WARNING: The server did not provide any stacktrace information)
Command duration or timeout: 13 milliseconds
Build info: version: '2.53.1', revision: 'a36b8b1', time: '2016-06-30 17:37:03'
System info: host: 'travis-job-753cb40d-1eb4-41bd-b128-4d1633a398bb', ip: '127.0.1.1', os.name: 'Linux', os.arch: 'amd64', os.version: '4.4.0-104-generic', java.version: '1.8.0_151'
Driver info: org.openqa.selenium.firefox.FirefoxDriver
Capabilities [{applicationCacheEnabled=true, rotatable=false, handlesAlerts=true, databaseEnabled=true, version=46.0, platform=LINUX, nativeEvents=false, acceptSslCerts=true, webStorageEnabled=true, locationContextEnabled=true, browserName=firefox, takesScreenshot=true, javascriptEnabled=true, cssSelectorsEnabled=true}]
Session ID: 9ea136c6-4175-4d28-b66b-83e9b2b543b3' in /var/www/dev/tests/functional/vendor/phpunit/phpunit-selenium/PHPUnit/Extensions/Selenium2TestCase/Driver.php:165
Stack trace:
#0 /var/www/dev/tests/functional/vendor/phpunit/phpunit-selenium/PHPUnit/Extensions/Selenium2TestCase/Driver.php(175): PHPUnit_Extensions_Selenium2TestCase_Driver->curl('POST', Object(PHPUnit_Extensions_Selenium2TestCase_URL), Array)
#1 /var/www/dev/tests/functional/vendor/phpunit/phpunit-selenium/PHPUnit/Extensions/Selenium2TestCase/CommandsHolder.php(100): PHPUnit_Extensions_Selenium2TestCase_Driver->execute(Object(PHPUnit_Extensions_Selenium2TestCase_ElementCommand_GenericPost))
#2 [internal function]: PHPUnit_Extensions_Selenium2TestCase_CommandsHolder->__call('execute', Array)
#3 [internal function]: PHPUnit_Extensions_Selenium2TestCase_Session->execute(Array)
#4 /var/www/dev/tests/functional/vendor/phpunit/phpunit-selenium/PHPUnit/Extensions/Selenium2TestCase.php(344): call_user_func_array(Array, Array)
#5 /var/www/dev/tests/functional/vendor/magento/mtf/Magento/Mtf/Client/Driver/Selenium/Driver.php(235): PHPUnit_Extensions_Selenium2TestCase->__call('execute', Array)
#6 /var/www/dev/tests/functional/vendor/magento/mtf/Magento/Mtf/Client/Driver/Selenium/Driver.php(235): Magento\Mtf\Client\Driver\Selenium\RemoteDriver->execute(Array)
#7 /var/www/dev/tests/functional/vendor/magento/mtf/Magento/Mtf/Client/Browser.php(286): Magento\Mtf\Client\Driver\Selenium\Driver->getJsErrors()
#8 /var/www/dev/tests/functional/vendor/magento/mtf/Magento/Mtf/System/Observer/ClientError.php(52): Magento\Mtf\Client\Browser->getJsErrors()
#9 /var/www/dev/tests/functional/vendor/magento/mtf/Magento/Mtf/System/Event/EventManager.php(83): Magento\Mtf\System\Observer\ClientError->process(Object(Magento\Mtf\System\Event\Event))
#10 /var/www/dev/tests/functional/vendor/magento/mtf/Magento/Mtf/TestCase/Injectable.php(168): Magento\Mtf\System\Event\EventManager->dispatchEvent(Array, Array)
#11 /var/www/vendor/phpunit/phpunit/src/Framework/TestSuite.php(675): Magento\Mtf\TestCase\Injectable->run(Object(PHPUnit_Framework_TestResult))
#12 /var/www/vendor/phpunit/phpunit/src/Framework/TestSuite.php(675): PHPUnit_Framework_TestSuite->run(Object(PHPUnit_Framework_TestResult))
#13 /var/www/vendor/phpunit/phpunit/src/TextUI/TestRunner.php(426): PHPUnit_Framework_TestSuite->run(Object(PHPUnit_Framework_TestResult))
#14 /var/www/dev/tests/functional/vendor/phpunit/phpunit/src/TextUI/Command.php(179): PHPUnit_TextUI_TestRunner->doRun(Object(PHPUnit_Framework_TestSuite), Array)
#15 /var/www/dev/tests/functional/vendor/phpunit/phpunit/src/TextUI/Command.php(132): PHPUnit_TextUI_Command->run(Array, true)
#16 /var/www/dev/tests/functional/vendor/phpunit/phpunit/phpunit(55): PHPUnit_TextUI_Command::main()
#17 {main}
Unable to get Js Errors. Exception: 
exception 'PHPUnit_Extensions_Selenium2TestCase_WebDriverException' with message ' (WARNING: The server did not provide any stacktrace information)
Command duration or timeout: 15 milliseconds
Build info: version: '2.53.1', revision: 'a36b8b1', time: '2016-06-30 17:37:03'
System info: host: 'travis-job-753cb40d-1eb4-41bd-b128-4d1633a398bb', ip: '127.0.1.1', os.name: 'Linux', os.arch: 'amd64', os.version: '4.4.0-104-generic', java.version: '1.8.0_151'
Driver info: org.openqa.selenium.firefox.FirefoxDriver
Capabilities [{applicationCacheEnabled=true, rotatable=false, handlesAlerts=true, databaseEnabled=true, version=46.0, platform=LINUX, nativeEvents=false, acceptSslCerts=true, webStorageEnabled=true, locationContextEnabled=true, browserName=firefox, takesScreenshot=true, javascriptEnabled=true, cssSelectorsEnabled=true}]
Session ID: 2f448e4f-62cb-4c84-873a-c85f0935db89' in /var/www/dev/tests/functional/vendor/phpunit/phpunit-selenium/PHPUnit/Extensions/Selenium2TestCase/Driver.php:165
Stack trace:
#0 /var/www/dev/tests/functional/vendor/phpunit/phpunit-selenium/PHPUnit/Extensions/Selenium2TestCase/Driver.php(175): PHPUnit_Extensions_Selenium2TestCase_Driver->curl('POST', Object(PHPUnit_Extensions_Selenium2TestCase_URL), Array)
#1 /var/www/dev/tests/functional/vendor/phpunit/phpunit-selenium/PHPUnit/Extensions/Selenium2TestCase/CommandsHolder.php(100): PHPUnit_Extensions_Selenium2TestCase_Driver->execute(Object(PHPUnit_Extensions_Selenium2TestCase_ElementCommand_GenericPost))
#2 [internal function]: PHPUnit_Extensions_Selenium2TestCase_CommandsHolder->__call('execute', Array)
#3 [internal function]: PHPUnit_Extensions_Selenium2TestCase_Session->execute(Array)
#4 /var/www/dev/tests/functional/vendor/phpunit/phpunit-selenium/PHPUnit/Extensions/Selenium2TestCase.php(344): call_user_func_array(Array, Array)
#5 /var/www/dev/tests/functional/vendor/magento/mtf/Magento/Mtf/Client/Driver/Selenium/Driver.php(235): PHPUnit_Extensions_Selenium2TestCase->__call('execute', Array)
#6 /var/www/dev/tests/functional/vendor/magento/mtf/Magento/Mtf/Client/Driver/Selenium/Driver.php(235): Magento\Mtf\Client\Driver\Selenium\RemoteDriver->execute(Array)
#7 /var/www/dev/tests/functional/vendor/magento/mtf/Magento/Mtf/Client/Browser.php(286): Magento\Mtf\Client\Driver\Selenium\Driver->getJsErrors()
#8 /var/www/dev/tests/functional/vendor/magento/mtf/Magento/Mtf/System/Observer/ClientError.php(52): Magento\Mtf\Client\Browser->getJsErrors()
#9 /var/www/dev/tests/functional/vendor/magento/mtf/Magento/Mtf/System/Event/EventManager.php(83): Magento\Mtf\System\Observer\ClientError->process(Object(Magento\Mtf\System\Event\Event))
#10 /var/www/dev/tests/functional/vendor/magento/mtf/Magento/Mtf/TestCase/Functional.php(305): Magento\Mtf\System\Event\EventManager->dispatchEvent(Array, Array)
#11 /var/www/vendor/phpunit/phpunit/src/Framework/TestResult.php(686): Magento\Mtf\TestCase\Functional->runBare()
#12 /var/www/vendor/phpunit/phpunit/src/Framework/TestCase.php(753): PHPUnit_Framework_TestResult->run(Object(Magento\Customercredit\Test\TestCase\CreditProduct\CreditProductGridFilteringTest))
#13 /var/www/dev/tests/functional/vendor/magento/mtf/Magento/Mtf/TestCase/Functional.php(202): PHPUnit_Framework_TestCase->run(Object(PHPUnit_Framework_TestResult))
#14 /var/www/dev/tests/functional/vendor/magento/mtf/Magento/Mtf/TestCase/Injectable.php(197): Magento\Mtf\TestCase\Functional->run(Object(PHPUnit_Framework_TestResult))
#15 /var/www/dev/tests/functional/vendor/magento/mtf/Magento/Mtf/TestCase/Injectable.php(158): Magento\Mtf\TestCase\Injectable->executeTestVariation(Object(PHPUnit_Framework_TestResult), Array)
#16 /var/www/vendor/phpunit/phpunit/src/Framework/TestSuite.php(675): Magento\Mtf\TestCase\Injectable->run(Object(PHPUnit_Framework_TestResult))
#17 /var/www/vendor/phpunit/phpunit/src/Framework/TestSuite.php(675): PHPUnit_Framework_TestSuite->run(Object(PHPUnit_Framework_TestResult))
#18 /var/www/vendor/phpunit/phpunit/src/TextUI/TestRunner.php(426): PHPUnit_Framework_TestSuite->run(Object(PHPUnit_Framework_TestResult))
#19 /var/www/dev/tests/functional/vendor/phpunit/phpunit/src/TextUI/Command.php(179): PHPUnit_TextUI_TestRunner->doRun(Object(PHPUnit_Framework_TestSuite), Array)
#20 /var/www/dev/tests/functional/vendor/phpunit/phpunit/src/TextUI/Command.php(132): PHPUnit_TextUI_Command->run(Array, true)
#21 /var/www/dev/tests/functional/vendor/phpunit/phpunit/phpunit(55): PHPUnit_TextUI_Command::main()
#22 {main}
Unable to get Js Errors. Exception: 
exception 'PHPUnit_Extensions_Selenium2TestCase_WebDriverException' with message ' (WARNING: The server did not provide any stacktrace information)
Command duration or timeout: 13 milliseconds
Build info: version: '2.53.1', revision: 'a36b8b1', time: '2016-06-30 17:37:03'
System info: host: 'travis-job-753cb40d-1eb4-41bd-b128-4d1633a398bb', ip: '127.0.1.1', os.name: 'Linux', os.arch: 'amd64', os.version: '4.4.0-104-generic', java.version: '1.8.0_151'
Driver info: org.openqa.selenium.firefox.FirefoxDriver
Capabilities [{applicationCacheEnabled=true, rotatable=false, handlesAlerts=true, databaseEnabled=true, version=46.0, platform=LINUX, nativeEvents=false, acceptSslCerts=true, webStorageEnabled=true, locationContextEnabled=true, browserName=firefox, takesScreenshot=true, javascriptEnabled=true, cssSelectorsEnabled=true}]
Session ID: e841e8ea-2f59-43cb-83cb-4a7a21aca2f2' in /var/www/dev/tests/functional/vendor/phpunit/phpunit-selenium/PHPUnit/Extensions/Selenium2TestCase/Driver.php:165
Stack trace:
#0 /var/www/dev/tests/functional/vendor/phpunit/phpunit-selenium/PHPUnit/Extensions/Selenium2TestCase/Driver.php(175): PHPUnit_Extensions_Selenium2TestCase_Driver->curl('POST', Object(PHPUnit_Extensions_Selenium2TestCase_URL), Array)
#1 /var/www/dev/tests/functional/vendor/phpunit/phpunit-selenium/PHPUnit/Extensions/Selenium2TestCase/CommandsHolder.php(100): PHPUnit_Extensions_Selenium2TestCase_Driver->execute(Object(PHPUnit_Extensions_Selenium2TestCase_ElementCommand_GenericPost))
#2 [internal function]: PHPUnit_Extensions_Selenium2TestCase_CommandsHolder->__call('execute', Array)
#3 [internal function]: PHPUnit_Extensions_Selenium2TestCase_Session->execute(Array)
#4 /var/www/dev/tests/functional/vendor/phpunit/phpunit-selenium/PHPUnit/Extensions/Selenium2TestCase.php(344): call_user_func_array(Array, Array)
#5 /var/www/dev/tests/functional/vendor/magento/mtf/Magento/Mtf/Client/Driver/Selenium/Driver.php(235): PHPUnit_Extensions_Selenium2TestCase->__call('execute', Array)
#6 /var/www/dev/tests/functional/vendor/magento/mtf/Magento/Mtf/Client/Driver/Selenium/Driver.php(235): Magento\Mtf\Client\Driver\Selenium\RemoteDriver->execute(Array)
#7 /var/www/dev/tests/functional/vendor/magento/mtf/Magento/Mtf/Client/Browser.php(286): Magento\Mtf\Client\Driver\Selenium\Driver->getJsErrors()
#8 /var/www/dev/tests/functional/vendor/magento/mtf/Magento/Mtf/System/Observer/ClientError.php(52): Magento\Mtf\Client\Browser->getJsErrors()
#9 /var/www/dev/tests/functional/vendor/magento/mtf/Magento/Mtf/System/Event/EventManager.php(83): Magento\Mtf\System\Observer\ClientError->process(Object(Magento\Mtf\System\Event\Event))
#10 /var/www/dev/tests/functional/vendor/magento/mtf/Magento/Mtf/TestCase/Functional.php(305): Magento\Mtf\System\Event\EventManager->dispatchEvent(Array, Array)
#11 /var/www/vendor/phpunit/phpunit/src/Framework/TestResult.php(686): Magento\Mtf\TestCase\Functional->runBare()
#12 /var/www/vendor/phpunit/phpunit/src/Framework/TestCase.php(753): PHPUnit_Framework_TestResult->run(Object(Magento\Customercredit\Test\TestCase\CreditProduct\CreditProductGridSortingTest))
#13 /var/www/dev/tests/functional/vendor/magento/mtf/Magento/Mtf/TestCase/Functional.php(202): PHPUnit_Framework_TestCase->run(Object(PHPUnit_Framework_TestResult))
#14 /var/www/dev/tests/functional/vendor/magento/mtf/Magento/Mtf/TestCase/Injectable.php(197): Magento\Mtf\TestCase\Functional->run(Object(PHPUnit_Framework_TestResult))
#15 /var/www/dev/tests/functional/vendor/magento/mtf/Magento/Mtf/TestCase/Injectable.php(158): Magento\Mtf\TestCase\Injectable->executeTestVariation(Object(PHPUnit_Framework_TestResult), Array)
#16 /var/www/vendor/phpunit/phpunit/src/Framework/TestSuite.php(675): Magento\Mtf\TestCase\Injectable->run(Object(PHPUnit_Framework_TestResult))
#17 /var/www/vendor/phpunit/phpunit/src/Framework/TestSuite.php(675): PHPUnit_Framework_TestSuite->run(Object(PHPUnit_Framework_TestResult))
#18 /var/www/vendor/phpunit/phpunit/src/TextUI/TestRunner.php(426): PHPUnit_Framework_TestSuite->run(Object(PHPUnit_Framework_TestResult))
#19 /var/www/dev/tests/functional/vendor/phpunit/phpunit/src/TextUI/Command.php(179): PHPUnit_TextUI_TestRunner->doRun(Object(PHPUnit_Framework_TestSuite), Array)
#20 /var/www/dev/tests/functional/vendor/phpunit/phpunit/src/TextUI/Command.php(132): PHPUnit_TextUI_Command->run(Array, true)
#21 /var/www/dev/tests/functional/vendor/phpunit/phpunit/phpunit(55): PHPUnit_TextUI_Command::main()
#22 {main}
Unable to get Js Errors. Exception: 
exception 'PHPUnit_Extensions_Selenium2TestCase_WebDriverException' with message ' (WARNING: The server did not provide any stacktrace information)
Command duration or timeout: 11 milliseconds
Build info: version: '2.53.1', revision: 'a36b8b1', time: '2016-06-30 17:37:03'
System info: host: 'travis-job-753cb40d-1eb4-41bd-b128-4d1633a398bb', ip: '127.0.1.1', os.name: 'Linux', os.arch: 'amd64', os.version: '4.4.0-104-generic', java.version: '1.8.0_151'
Driver info: org.openqa.selenium.firefox.FirefoxDriver
Capabilities [{applicationCacheEnabled=true, rotatable=false, handlesAlerts=true, databaseEnabled=true, version=46.0, platform=LINUX, nativeEvents=false, acceptSslCerts=true, webStorageEnabled=true, locationContextEnabled=true, browserName=firefox, takesScreenshot=true, javascriptEnabled=true, cssSelectorsEnabled=true}]
Session ID: 07a026f0-2bee-4149-964a-c6c6a33dd9a9' in /var/www/dev/tests/functional/vendor/phpunit/phpunit-selenium/PHPUnit/Extensions/Selenium2TestCase/Driver.php:165
Stack trace:
#0 /var/www/dev/tests/functional/vendor/phpunit/phpunit-selenium/PHPUnit/Extensions/Selenium2TestCase/Driver.php(175): PHPUnit_Extensions_Selenium2TestCase_Driver->curl('POST', Object(PHPUnit_Extensions_Selenium2TestCase_URL), Array)
#1 /var/www/dev/tests/functional/vendor/phpunit/phpunit-selenium/PHPUnit/Extensions/Selenium2TestCase/CommandsHolder.php(100): PHPUnit_Extensions_Selenium2TestCase_Driver->execute(Object(PHPUnit_Extensions_Selenium2TestCase_ElementCommand_GenericPost))
#2 [internal function]: PHPUnit_Extensions_Selenium2TestCase_CommandsHolder->__call('execute', Array)
#3 [internal function]: PHPUnit_Extensions_Selenium2TestCase_Session->execute(Array)
#4 /var/www/dev/tests/functional/vendor/phpunit/phpunit-selenium/PHPUnit/Extensions/Selenium2TestCase.php(344): call_user_func_array(Array, Array)
#5 /var/www/dev/tests/functional/vendor/magento/mtf/Magento/Mtf/Client/Driver/Selenium/Driver.php(235): PHPUnit_Extensions_Selenium2TestCase->__call('execute', Array)
#6 /var/www/dev/tests/functional/vendor/magento/mtf/Magento/Mtf/Client/Driver/Selenium/Driver.php(235): Magento\Mtf\Client\Driver\Selenium\RemoteDriver->execute(Array)
#7 /var/www/dev/tests/functional/vendor/magento/mtf/Magento/Mtf/Client/Browser.php(286): Magento\Mtf\Client\Driver\Selenium\Driver->getJsErrors()
#8 /var/www/dev/tests/functional/vendor/magento/mtf/Magento/Mtf/System/Observer/ClientError.php(52): Magento\Mtf\Client\Browser->getJsErrors()
#9 /var/www/dev/tests/functional/vendor/magento/mtf/Magento/Mtf/System/Event/EventManager.php(83): Magento\Mtf\System\Observer\ClientError->process(Object(Magento\Mtf\System\Event\Event))
#10 /var/www/dev/tests/functional/vendor/magento/mtf/Magento/Mtf/TestCase/Functional.php(305): Magento\Mtf\System\Event\EventManager->dispatchEvent(Array, Array)
#11 /var/www/vendor/phpunit/phpunit/src/Framework/TestResult.php(686): Magento\Mtf\TestCase\Functional->runBare()
#12 /var/www/vendor/phpunit/phpunit/src/Framework/TestCase.php(753): PHPUnit_Framework_TestResult->run(Object(Magento\Customercredit\Test\TestCase\CustomerUsingCredit\CustomerUsingCreditGridFilteringTest))
#13 /var/www/dev/tests/functional/vendor/magento/mtf/Magento/Mtf/TestCase/Functional.php(202): PHPUnit_Framework_TestCase->run(Object(PHPUnit_Framework_TestResult))
#14 /var/www/dev/tests/functional/vendor/magento/mtf/Magento/Mtf/TestCase/Injectable.php(197): Magento\Mtf\TestCase\Functional->run(Object(PHPUnit_Framework_TestResult))
#15 /var/www/dev/tests/functional/vendor/magento/mtf/Magento/Mtf/TestCase/Injectable.php(158): Magento\Mtf\TestCase\Injectable->executeTestVariation(Object(PHPUnit_Framework_TestResult), Array)
#16 /var/www/vendor/phpunit/phpunit/src/Framework/TestSuite.php(675): Magento\Mtf\TestCase\Injectable->run(Object(PHPUnit_Framework_TestResult))
#17 /var/www/vendor/phpunit/phpunit/src/Framework/TestSuite.php(675): PHPUnit_Framework_TestSuite->run(Object(PHPUnit_Framework_TestResult))
#18 /var/www/vendor/phpunit/phpunit/src/TextUI/TestRunner.php(426): PHPUnit_Framework_TestSuite->run(Object(PHPUnit_Framework_TestResult))
#19 /var/www/dev/tests/functional/vendor/phpunit/phpunit/src/TextUI/Command.php(179): PHPUnit_TextUI_TestRunner->doRun(Object(PHPUnit_Framework_TestSuite), Array)
#20 /var/www/dev/tests/functional/vendor/phpunit/phpunit/src/TextUI/Command.php(132): PHPUnit_TextUI_Command->run(Array, true)
#21 /var/www/dev/tests/functional/vendor/phpunit/phpunit/phpunit(55): PHPUnit_TextUI_Command::main()
#22 {main}
Unable to get Js Errors. Exception: 
exception 'PHPUnit_Extensions_Selenium2TestCase_WebDriverException' with message ' (WARNING: The server did not provide any stacktrace information)
Command duration or timeout: 12 milliseconds
Build info: version: '2.53.1', revision: 'a36b8b1', time: '2016-06-30 17:37:03'
System info: host: 'travis-job-753cb40d-1eb4-41bd-b128-4d1633a398bb', ip: '127.0.1.1', os.name: 'Linux', os.arch: 'amd64', os.version: '4.4.0-104-generic', java.version: '1.8.0_151'
Driver info: org.openqa.selenium.firefox.FirefoxDriver
Capabilities [{applicationCacheEnabled=true, rotatable=false, handlesAlerts=true, databaseEnabled=true, version=46.0, platform=LINUX, nativeEvents=false, acceptSslCerts=true, webStorageEnabled=true, locationContextEnabled=true, browserName=firefox, takesScreenshot=true, javascriptEnabled=true, cssSelectorsEnabled=true}]
Session ID: a486debc-7c7a-4156-9799-347149435161' in /var/www/dev/tests/functional/vendor/phpunit/phpunit-selenium/PHPUnit/Extensions/Selenium2TestCase/Driver.php:165
Stack trace:
#0 /var/www/dev/tests/functional/vendor/phpunit/phpunit-selenium/PHPUnit/Extensions/Selenium2TestCase/Driver.php(175): PHPUnit_Extensions_Selenium2TestCase_Driver->curl('POST', Object(PHPUnit_Extensions_Selenium2TestCase_URL), Array)
#1 /var/www/dev/tests/functional/vendor/phpunit/phpunit-selenium/PHPUnit/Extensions/Selenium2TestCase/CommandsHolder.php(100): PHPUnit_Extensions_Selenium2TestCase_Driver->execute(Object(PHPUnit_Extensions_Selenium2TestCase_ElementCommand_GenericPost))
#2 [internal function]: PHPUnit_Extensions_Selenium2TestCase_CommandsHolder->__call('execute', Array)
#3 [internal function]: PHPUnit_Extensions_Selenium2TestCase_Session->execute(Array)
#4 /var/www/dev/tests/functional/vendor/phpunit/phpunit-selenium/PHPUnit/Extensions/Selenium2TestCase.php(344): call_user_func_array(Array, Array)
#5 /var/www/dev/tests/functional/vendor/magento/mtf/Magento/Mtf/Client/Driver/Selenium/Driver.php(235): PHPUnit_Extensions_Selenium2TestCase->__call('execute', Array)
#6 /var/www/dev/tests/functional/vendor/magento/mtf/Magento/Mtf/Client/Driver/Selenium/Driver.php(235): Magento\Mtf\Client\Driver\Selenium\RemoteDriver->execute(Array)
#7 /var/www/dev/tests/functional/vendor/magento/mtf/Magento/Mtf/Client/Browser.php(286): Magento\Mtf\Client\Driver\Selenium\Driver->getJsErrors()
#8 /var/www/dev/tests/functional/vendor/magento/mtf/Magento/Mtf/System/Observer/ClientError.php(52): Magento\Mtf\Client\Browser->getJsErrors()
#9 /var/www/dev/tests/functional/vendor/magento/mtf/Magento/Mtf/System/Event/EventManager.php(83): Magento\Mtf\System\Observer\ClientError->process(Object(Magento\Mtf\System\Event\Event))
#10 /var/www/dev/tests/functional/vendor/magento/mtf/Magento/Mtf/TestCase/Injectable.php(168): Magento\Mtf\System\Event\EventManager->dispatchEvent(Array, Array)
#11 /var/www/vendor/phpunit/phpunit/src/Framework/TestSuite.php(675): Magento\Mtf\TestCase\Injectable->run(Object(PHPUnit_Framework_TestResult))
#12 /var/www/vendor/phpunit/phpunit/src/Framework/TestSuite.php(675): PHPUnit_Framework_TestSuite->run(Object(PHPUnit_Framework_TestResult))
#13 /var/www/vendor/phpunit/phpunit/src/TextUI/TestRunner.php(426): PHPUnit_Framework_TestSuite->run(Object(PHPUnit_Framework_TestResult))
#14 /var/www/dev/tests/functional/vendor/phpunit/phpunit/src/TextUI/Command.php(179): PHPUnit_TextUI_TestRunner->doRun(Object(PHPUnit_Framework_TestSuite), Array)
#15 /var/www/dev/tests/functional/vendor/phpunit/phpunit/src/TextUI/Command.php(132): PHPUnit_TextUI_Command->run(Array, true)
#16 /var/www/dev/tests/functional/vendor/phpunit/phpunit/phpunit(55): PHPUnit_TextUI_Command::main()
#17 {main}
