============== Test suite SalesOrderReportSaleByPaymentMethodForLocationSaleByStaffSaleByStaffDaily =============
PHPUnit 5.5.7 by Sebastian Bergmann and contributors.

Runtime:       PHP 7.1.11
Configuration: /var/www/dev/tests/functional/phpunit.xml

........EEEEEE..FE.                                               19 / 19 (100%)......F

Time: 15.35 minutes, Memory: 74.00MB

There were 7 errors:

1) Magento\Webpos\Test\TestCase\SalesOrderReport\SaleByStaff\SaleByStaffRP02Test::test with data set "SaleByStaffRP02TestVariation1_0" (SaleByStaffRP02TestVariation1_0)
PHPUnit_Framework_Exception: Notice: A non well formed numeric value encountered in /var/www/dev/tests/functional/tests/app/Magento/Webpos/Test/TestCase/SalesOrderReport/SaleByStaff/SaleByStaffRP02Test.php:91.

/var/www/dev/tests/functional/bootstrap.php:54
/var/www/dev/tests/functional/tests/app/Magento/Webpos/Test/TestCase/SalesOrderReport/SaleByStaff/SaleByStaffRP02Test.php:91
/var/www/dev/tests/functional/vendor/magento/mtf/Magento/Mtf/TestCase/Injectable.php:226
/var/www/dev/tests/functional/vendor/magento/mtf/Magento/Mtf/TestCase/Functional.php:300
/var/www/dev/tests/functional/vendor/magento/mtf/Magento/Mtf/TestCase/Functional.php:217
/var/www/dev/tests/functional/vendor/magento/mtf/Magento/Mtf/TestCase/Injectable.php:210
/var/www/dev/tests/functional/vendor/magento/mtf/Magento/Mtf/TestCase/Injectable.php:166

2) Magento\Webpos\Test\TestCase\SalesOrderReport\SaleByStaff\SaleByStaffRP03Test::test with data set "SaleByStaffRP03TestVariation1_0" (SaleByStaffRP03TestVariation1_0)
PHPUnit_Extensions_Selenium2TestCase_WebDriverException: Error occurred on attempt to get element. Message: "Timed out after 90 seconds". Locator: "css selector(#filter_form) -> css selector([name=period_type]) -> xpath(.//option[contains(normalize-space(.), "admin admin")])" . Wait: "1"

/var/www/dev/tests/functional/vendor/magento/mtf/Magento/Mtf/Client/Driver/Selenium/Driver.php:180
/var/www/dev/tests/functional/vendor/magento/mtf/Magento/Mtf/Client/Driver/Selenium/Driver.php:261
/var/www/dev/tests/functional/vendor/magento/mtf/Magento/Mtf/Client/Element/SimpleElement.php:140
/var/www/dev/tests/functional/vendor/magento/mtf/Magento/Mtf/Client/Element/SelectElement.php:44
/var/www/dev/tests/functional/vendor/magento/mtf/Magento/Mtf/Block/Form.php:248
/var/www/dev/tests/functional/tests/app/Magento/Reports/Test/Block/Adminhtml/AbstractFilter.php:62
/var/www/dev/tests/functional/tests/app/Magento/Webpos/Test/TestCase/SalesOrderReport/SaleByStaff/SaleByStaffRP03Test.php:85
/var/www/dev/tests/functional/vendor/magento/mtf/Magento/Mtf/TestCase/Injectable.php:226
/var/www/dev/tests/functional/vendor/magento/mtf/Magento/Mtf/TestCase/Functional.php:300
/var/www/dev/tests/functional/vendor/magento/mtf/Magento/Mtf/TestCase/Functional.php:217
/var/www/dev/tests/functional/vendor/magento/mtf/Magento/Mtf/TestCase/Injectable.php:210
/var/www/dev/tests/functional/vendor/magento/mtf/Magento/Mtf/TestCase/Injectable.php:166

3) Magento\Webpos\Test\TestCase\SalesOrderReport\SaleByStaff\SaleByStaffRP04Test::test with data set "SaleByStaffRP04TestVariation2_0" (SaleByStaffRP04TestVariation2_0)
PHPUnit_Extensions_Selenium2TestCase_WebDriverException: Error occurred on attempt to get element. Message: "Timed out after 90 seconds". Locator: "css selector(#filter_form) -> css selector([name=period_type]) -> xpath(.//option[contains(normalize-space(.), "admin admin")])" . Wait: "1"

/var/www/dev/tests/functional/vendor/magento/mtf/Magento/Mtf/Client/Driver/Selenium/Driver.php:180
/var/www/dev/tests/functional/vendor/magento/mtf/Magento/Mtf/Client/Driver/Selenium/Driver.php:261
/var/www/dev/tests/functional/vendor/magento/mtf/Magento/Mtf/Client/Element/SimpleElement.php:140
/var/www/dev/tests/functional/vendor/magento/mtf/Magento/Mtf/Client/Element/SelectElement.php:44
/var/www/dev/tests/functional/vendor/magento/mtf/Magento/Mtf/Block/Form.php:248
/var/www/dev/tests/functional/tests/app/Magento/Reports/Test/Block/Adminhtml/AbstractFilter.php:62
/var/www/dev/tests/functional/tests/app/Magento/Webpos/Test/TestCase/SalesOrderReport/SaleByStaff/SaleByStaffRP04Test.php:85
/var/www/dev/tests/functional/vendor/magento/mtf/Magento/Mtf/TestCase/Injectable.php:226
/var/www/dev/tests/functional/vendor/magento/mtf/Magento/Mtf/TestCase/Functional.php:300
/var/www/dev/tests/functional/vendor/magento/mtf/Magento/Mtf/TestCase/Functional.php:217
/var/www/dev/tests/functional/vendor/magento/mtf/Magento/Mtf/TestCase/Injectable.php:210
/var/www/dev/tests/functional/vendor/magento/mtf/Magento/Mtf/TestCase/Injectable.php:166

4) Magento\Webpos\Test\TestCase\SalesOrderReport\SaleByStaff\SaleByStaffRP04Test::test with data set "SaleByStaffRP04TestVariation1_0" (SaleByStaffRP04TestVariation1_0)
PHPUnit_Extensions_Selenium2TestCase_WebDriverException: Error occurred on attempt to get element. Message: "Timed out after 90 seconds". Locator: "css selector(#filter_form) -> css selector([name=period_type]) -> xpath(.//option[contains(normalize-space(.), "admin admin")])" . Wait: "1"

/var/www/dev/tests/functional/vendor/magento/mtf/Magento/Mtf/Client/Driver/Selenium/Driver.php:180
/var/www/dev/tests/functional/vendor/magento/mtf/Magento/Mtf/Client/Driver/Selenium/Driver.php:261
/var/www/dev/tests/functional/vendor/magento/mtf/Magento/Mtf/Client/Element/SimpleElement.php:140
/var/www/dev/tests/functional/vendor/magento/mtf/Magento/Mtf/Client/Element/SelectElement.php:44
/var/www/dev/tests/functional/vendor/magento/mtf/Magento/Mtf/Block/Form.php:248
/var/www/dev/tests/functional/tests/app/Magento/Reports/Test/Block/Adminhtml/AbstractFilter.php:62
/var/www/dev/tests/functional/tests/app/Magento/Webpos/Test/TestCase/SalesOrderReport/SaleByStaff/SaleByStaffRP04Test.php:85
/var/www/dev/tests/functional/vendor/magento/mtf/Magento/Mtf/TestCase/Injectable.php:226
/var/www/dev/tests/functional/vendor/magento/mtf/Magento/Mtf/TestCase/Functional.php:300
/var/www/dev/tests/functional/vendor/magento/mtf/Magento/Mtf/TestCase/Functional.php:217
/var/www/dev/tests/functional/vendor/magento/mtf/Magento/Mtf/TestCase/Injectable.php:210
/var/www/dev/tests/functional/vendor/magento/mtf/Magento/Mtf/TestCase/Injectable.php:166

5) Magento\Webpos\Test\TestCase\SalesOrderReport\SaleByStaff\SaleByStaffRP05Test::test with data set "SaleByStaffRP05TestVariation2_0" (SaleByStaffRP05TestVariation2_0)
PHPUnit_Extensions_Selenium2TestCase_WebDriverException: Error occurred on attempt to get element. Message: "Timed out after 90 seconds". Locator: "css selector(#filter_form) -> css selector([name=period_type]) -> xpath(.//option[contains(normalize-space(.), "admin admin")])" . Wait: "1"

/var/www/dev/tests/functional/vendor/magento/mtf/Magento/Mtf/Client/Driver/Selenium/Driver.php:180
/var/www/dev/tests/functional/vendor/magento/mtf/Magento/Mtf/Client/Driver/Selenium/Driver.php:261
/var/www/dev/tests/functional/vendor/magento/mtf/Magento/Mtf/Client/Element/SimpleElement.php:140
/var/www/dev/tests/functional/vendor/magento/mtf/Magento/Mtf/Client/Element/SelectElement.php:44
/var/www/dev/tests/functional/vendor/magento/mtf/Magento/Mtf/Block/Form.php:248
/var/www/dev/tests/functional/tests/app/Magento/Reports/Test/Block/Adminhtml/AbstractFilter.php:62
/var/www/dev/tests/functional/tests/app/Magento/Webpos/Test/TestCase/SalesOrderReport/SaleByStaff/SaleByStaffRP05Test.php:86
/var/www/dev/tests/functional/vendor/magento/mtf/Magento/Mtf/TestCase/Injectable.php:226
/var/www/dev/tests/functional/vendor/magento/mtf/Magento/Mtf/TestCase/Functional.php:300
/var/www/dev/tests/functional/vendor/magento/mtf/Magento/Mtf/TestCase/Functional.php:217
/var/www/dev/tests/functional/vendor/magento/mtf/Magento/Mtf/TestCase/Injectable.php:210
/var/www/dev/tests/functional/vendor/magento/mtf/Magento/Mtf/TestCase/Injectable.php:166

6) Magento\Webpos\Test\TestCase\SalesOrderReport\SaleByStaff\SaleByStaffRP05Test::test with data set "SaleByStaffRP05TestVariation1_0" (SaleByStaffRP05TestVariation1_0)
PHPUnit_Extensions_Selenium2TestCase_WebDriverException: Error occurred on attempt to get element. Message: "Timed out after 90 seconds". Locator: "css selector(#filter_form) -> css selector([name=period_type]) -> xpath(.//option[contains(normalize-space(.), "admin admin")])" . Wait: "1"

/var/www/dev/tests/functional/vendor/magento/mtf/Magento/Mtf/Client/Driver/Selenium/Driver.php:180
/var/www/dev/tests/functional/vendor/magento/mtf/Magento/Mtf/Client/Driver/Selenium/Driver.php:261
/var/www/dev/tests/functional/vendor/magento/mtf/Magento/Mtf/Client/Element/SimpleElement.php:140
/var/www/dev/tests/functional/vendor/magento/mtf/Magento/Mtf/Client/Element/SelectElement.php:44
/var/www/dev/tests/functional/vendor/magento/mtf/Magento/Mtf/Block/Form.php:248
/var/www/dev/tests/functional/tests/app/Magento/Reports/Test/Block/Adminhtml/AbstractFilter.php:62
/var/www/dev/tests/functional/tests/app/Magento/Webpos/Test/TestCase/SalesOrderReport/SaleByStaff/SaleByStaffRP05Test.php:86
/var/www/dev/tests/functional/vendor/magento/mtf/Magento/Mtf/TestCase/Injectable.php:226
/var/www/dev/tests/functional/vendor/magento/mtf/Magento/Mtf/TestCase/Functional.php:300
/var/www/dev/tests/functional/vendor/magento/mtf/Magento/Mtf/TestCase/Functional.php:217
/var/www/dev/tests/functional/vendor/magento/mtf/Magento/Mtf/TestCase/Injectable.php:210
/var/www/dev/tests/functional/vendor/magento/mtf/Magento/Mtf/TestCase/Injectable.php:166

7) Magento\Webpos\Test\TestCase\SalesOrderReport\SaleByStaffDaily\SaleByStaffDailyReportsRP09Test::test with data set "SaleByStaffDailyReportsRP09TestVariation1_0" (SaleByStaffDailyReportsRP09TestVariation1_0)
PHPUnit_Framework_Exception: Notice: A non well formed numeric value encountered in /var/www/dev/tests/functional/tests/app/Magento/Webpos/Test/TestCase/SalesOrderReport/SaleByStaffDaily/SaleByStaffDailyReportsRP09Test.php:91.

/var/www/dev/tests/functional/bootstrap.php:54
/var/www/dev/tests/functional/tests/app/Magento/Webpos/Test/TestCase/SalesOrderReport/SaleByStaffDaily/SaleByStaffDailyReportsRP09Test.php:91
/var/www/dev/tests/functional/vendor/magento/mtf/Magento/Mtf/TestCase/Injectable.php:226
/var/www/dev/tests/functional/vendor/magento/mtf/Magento/Mtf/TestCase/Functional.php:300
/var/www/dev/tests/functional/vendor/magento/mtf/Magento/Mtf/TestCase/Functional.php:217
/var/www/dev/tests/functional/vendor/magento/mtf/Magento/Mtf/TestCase/Injectable.php:210
/var/www/dev/tests/functional/vendor/magento/mtf/Magento/Mtf/TestCase/Injectable.php:166

--

There were 2 failures:

1) Magento\Webpos\Test\TestCase\SalesOrderReport\SaleByStaff\SaleByStaffRP08Test::test with data set "SaleByStaffRP08TestVariation1_0" (SaleByStaffRP08TestVariation1_0)
The Order Count In Table Body Of Report Form By Staff was not updated.
Failed asserting that '1' is greater than '1'.

/var/www/dev/tests/functional/tests/app/Magento/Webpos/Test/TestCase/SalesOrderReport/SaleByStaff/SaleByStaffRP08Test.php:135
/var/www/dev/tests/functional/vendor/magento/mtf/Magento/Mtf/TestCase/Injectable.php:226
/var/www/dev/tests/functional/vendor/magento/mtf/Magento/Mtf/TestCase/Functional.php:300
/var/www/dev/tests/functional/vendor/magento/mtf/Magento/Mtf/TestCase/Functional.php:217
/var/www/dev/tests/functional/vendor/magento/mtf/Magento/Mtf/TestCase/Injectable.php:210
/var/www/dev/tests/functional/vendor/magento/mtf/Magento/Mtf/TestCase/Injectable.php:166

2) Magento\Webpos\Test\TestCase\SalesOrderReport\SaleByStaffDaily\SaleByStaffDailyReportsRP15Test::test with data set "SSaleByStaffDailyReportsRP15TestVariation1_0" (SSaleByStaffDailyReportsRP15TestVariation1_0)
The Order Count In Table Body Of Report Form By Staff was not updated.
Failed asserting that '1' is greater than '1'.

/var/www/dev/tests/functional/tests/app/Magento/Webpos/Test/TestCase/SalesOrderReport/SaleByStaffDaily/SaleByStaffDailyReportsRP15Test.php:129
/var/www/dev/tests/functional/vendor/magento/mtf/Magento/Mtf/TestCase/Injectable.php:226
/var/www/dev/tests/functional/vendor/magento/mtf/Magento/Mtf/TestCase/Functional.php:300
/var/www/dev/tests/functional/vendor/magento/mtf/Magento/Mtf/TestCase/Functional.php:217
/var/www/dev/tests/functional/vendor/magento/mtf/Magento/Mtf/TestCase/Injectable.php:210
/var/www/dev/tests/functional/vendor/magento/mtf/Magento/Mtf/TestCase/Injectable.php:166

ERRORS!
Tests: 26, Assertions: 26, Errors: 7, Failures: 2.
